<?xml version="1.0" encoding="UTF-8"?>
<!-- Generated by org.testng.reporters.JUnitXMLReporter -->
<testsuite ignored="0" hostname="DESKTOP-PQFFS2E" failures="0" tests="3" name="Test" time="24.345" errors="0" timestamp="26 Mar 2022 17:10:58 GMT">
  <testcase classname="TestJBB.JaiBajrangBali.AppTest" name="anotherM" time="0.004"/>
  <testcase classname="TestJBB.JaiBajrangBali.AppTest" name="shouldAnswerWithTrue" time="1.988"/>
  <testcase classname="TestJBB.JaiBajrangBali.AppTest2" name="shouldAnswerWithTrue" time="0.0"/>
</testsuite> <!-- Test -->
