<?xml version="1.0" encoding="UTF-8"?>
<testng-results ignored="0" total="3" passed="3" failed="0" skipped="0">
  <reporter-output>
  </reporter-output>
  <suite started-at="2022-03-26T17:10:33Z" name="Suite" finished-at="2022-03-26T17:10:58Z" duration-ms="24345">
    <groups>
    </groups>
    <test started-at="2022-03-26T17:10:33Z" name="Test" finished-at="2022-03-26T17:10:58Z" duration-ms="24345">
      <class name="TestJBB.JaiBajrangBali.AppTest2">
        <test-method is-config="true" signature="bMethod()[pri:0, instance:TestJBB.JaiBajrangBali.AppTest2@5167f57d]" started-at="2022-03-26T22:40:58Z" name="bMethod" finished-at="2022-03-26T22:40:58Z" duration-ms="2" status="PASS">
          <reporter-output>
          </reporter-output>
        </test-method> <!-- bMethod -->
        <test-method is-config="true" signature="aMethod()[pri:0, instance:TestJBB.JaiBajrangBali.AppTest2@5167f57d]" started-at="2022-03-26T22:40:58Z" name="aMethod" finished-at="2022-03-26T22:40:58Z" duration-ms="0" status="PASS">
          <reporter-output>
          </reporter-output>
        </test-method> <!-- aMethod -->
        <test-method signature="shouldAnswerWithTrue()[pri:0, instance:TestJBB.JaiBajrangBali.AppTest2@5167f57d]" started-at="2022-03-26T22:40:58Z" name="shouldAnswerWithTrue" finished-at="2022-03-26T22:40:58Z" duration-ms="0" status="PASS">
          <reporter-output>
          </reporter-output>
        </test-method> <!-- shouldAnswerWithTrue -->
      </class> <!-- TestJBB.JaiBajrangBali.AppTest2 -->
      <class name="TestJBB.JaiBajrangBali.AppTest">
        <test-method is-config="true" signature="bMethod()[pri:0, instance:TestJBB.JaiBajrangBali.AppTest@24105dc5]" started-at="2022-03-26T22:40:33Z" name="bMethod" finished-at="2022-03-26T22:40:47Z" duration-ms="13174" status="PASS">
          <reporter-output>
          </reporter-output>
        </test-method> <!-- bMethod -->
        <test-method signature="anotherM()[pri:0, instance:TestJBB.JaiBajrangBali.AppTest@24105dc5]" started-at="2022-03-26T22:40:47Z" name="anotherM" finished-at="2022-03-26T22:40:47Z" duration-ms="4" status="PASS">
          <reporter-output>
          </reporter-output>
        </test-method> <!-- anotherM -->
        <test-method is-config="true" signature="aMethod()[pri:0, instance:TestJBB.JaiBajrangBali.AppTest@24105dc5]" started-at="2022-03-26T22:40:47Z" name="aMethod" finished-at="2022-03-26T22:40:48Z" duration-ms="1240" status="PASS">
          <reporter-output>
          </reporter-output>
        </test-method> <!-- aMethod -->
        <test-method is-config="true" signature="bMethod()[pri:0, instance:TestJBB.JaiBajrangBali.AppTest@24105dc5]" started-at="2022-03-26T22:40:48Z" name="bMethod" finished-at="2022-03-26T22:40:54Z" duration-ms="6454" status="PASS">
          <reporter-output>
          </reporter-output>
        </test-method> <!-- bMethod -->
        <test-method signature="shouldAnswerWithTrue()[pri:0, instance:TestJBB.JaiBajrangBali.AppTest@24105dc5]" started-at="2022-03-26T22:40:54Z" name="shouldAnswerWithTrue" finished-at="2022-03-26T22:40:56Z" duration-ms="1988" status="PASS">
          <reporter-output>
          </reporter-output>
        </test-method> <!-- shouldAnswerWithTrue -->
        <test-method is-config="true" signature="aMethod()[pri:0, instance:TestJBB.JaiBajrangBali.AppTest@24105dc5]" started-at="2022-03-26T22:40:56Z" name="aMethod" finished-at="2022-03-26T22:40:58Z" duration-ms="1448" status="PASS">
          <reporter-output>
          </reporter-output>
        </test-method> <!-- aMethod -->
      </class> <!-- TestJBB.JaiBajrangBali.AppTest -->
    </test> <!-- Test -->
  </suite> <!-- Suite -->
</testng-results>
