<?xml version="1.0" encoding="UTF-8"?>
<testng-results ignored="0" total="1" passed="1" failed="0" skipped="0">
  <reporter-output>
  </reporter-output>
  <suite started-at="2022-03-26T11:22:35Z" name="Default suite" finished-at="2022-03-26T11:22:57Z" duration-ms="22655">
    <groups>
    </groups>
    <test started-at="2022-03-26T11:22:35Z" name="Default test" finished-at="2022-03-26T11:22:57Z" duration-ms="22655">
      <class name="TestJBB.JaiBajrangBali.AppTest">
        <test-method is-config="true" signature="bMethod()[pri:0, instance:TestJBB.JaiBajrangBali.AppTest@1530c739]" started-at="2022-03-26T16:52:35Z" name="bMethod" finished-at="2022-03-26T16:52:52Z" duration-ms="17948" status="PASS">
          <reporter-output>
          </reporter-output>
        </test-method> <!-- bMethod -->
        <test-method signature="shouldAnswerWithTrue()[pri:0, instance:TestJBB.JaiBajrangBali.AppTest@1530c739]" started-at="2022-03-26T16:52:52Z" name="shouldAnswerWithTrue" finished-at="2022-03-26T16:52:55Z" duration-ms="2135" status="PASS">
          <reporter-output>
          </reporter-output>
        </test-method> <!-- shouldAnswerWithTrue -->
        <test-method is-config="true" signature="aMethod()[pri:0, instance:TestJBB.JaiBajrangBali.AppTest@1530c739]" started-at="2022-03-26T16:52:55Z" name="aMethod" finished-at="2022-03-26T16:52:57Z" duration-ms="2536" status="PASS">
          <reporter-output>
          </reporter-output>
        </test-method> <!-- aMethod -->
      </class> <!-- TestJBB.JaiBajrangBali.AppTest -->
    </test> <!-- Default test -->
  </suite> <!-- Default suite -->
</testng-results>
